2015-08-27 02:20:01 [127.0.0.1][-][-][error][yii\web\HttpException:404] exception 'yii\base\InvalidRouteException' with message 'Unable to resolve the request "js/jquery-1.7.2.min.js".' in /Users/liuwanglei/code/hp/vendor/yiisoft/yii2/base/Module.php:461
Stack trace:
#0 /Users/liuwanglei/code/hp/vendor/yiisoft/yii2/web/Application.php(83): yii\base\Module->runAction('js/jquery-1.7.2...', Array)
#1 /Users/liuwanglei/code/hp/vendor/yiisoft/yii2/base/Application.php(375): yii\web\Application->handleRequest(Object(yii\web\Request))
#2 /Users/liuwanglei/code/hp/hhg/web/index.php(18): yii\base\Application->run()
#3 {main}

Next exception 'yii\web\NotFoundHttpException' with message '页面未找到。' in /Users/liuwanglei/code/hp/vendor/yiisoft/yii2/web/Application.php:95
Stack trace:
#0 /Users/liuwanglei/code/hp/vendor/yiisoft/yii2/base/Application.php(375): yii\web\Application->handleRequest(Object(yii\web\Request))
#1 /Users/liuwanglei/code/hp/hhg/web/index.php(18): yii\base\Application->run()
#2 {main}
2015-08-27 02:20:01 [127.0.0.1][-][-][info][application] $_COOKIE = [
    '_csrf' => '19968b1acb82a1194e02fd1942e9cfef898cba263536a5f98fd80ac48b51a689a:2:{i:0;s:5:\"_csrf\";i:1;s:32:\"pYrcHjTUiWMhD9GmSPLle0XTw5dYDOBR\";}'
    'PHPSESSID' => 'srplng6n2g5dpv9vagtehe4gu1'
]

$_SESSION = [
    '__flash' => []
    '__returnUrl' => '/'
]

$_SERVER = [
    'USER' => '_www'
    'HOME' => '/Library/WebServer'
    'FCGI_ROLE' => 'RESPONDER'
    'SCRIPT_FILENAME' => '/Users/liuwanglei/code/hp/hhg/web/index.php'
    'QUERY_STRING' => ''
    'REQUEST_METHOD' => 'GET'
    'CONTENT_TYPE' => ''
    'CONTENT_LENGTH' => ''
    'SCRIPT_NAME' => '/index.php'
    'REQUEST_URI' => '/js/jquery-1.7.2.min.js'
    'DOCUMENT_URI' => '/index.php'
    'DOCUMENT_ROOT' => '/Users/liuwanglei/code/hp/hhg/web'
    'SERVER_PROTOCOL' => 'HTTP/1.1'
    'GATEWAY_INTERFACE' => 'CGI/1.1'
    'SERVER_SOFTWARE' => 'nginx/1.8.0'
    'REMOTE_ADDR' => '127.0.0.1'
    'REMOTE_PORT' => '59826'
    'SERVER_ADDR' => '127.0.0.1'
    'SERVER_PORT' => '80'
    'SERVER_NAME' => 'hhg.yltd.com'
    'REDIRECT_STATUS' => '200'
    'HTTP_HOST' => 'hhg.yltd.com'
    'HTTP_ACCEPT' => '*/*'
    'HTTP_CONNECTION' => 'keep-alive'
    'HTTP_COOKIE' => '_csrf=19968b1acb82a1194e02fd1942e9cfef898cba263536a5f98fd80ac48b51a689a%3A2%3A%7Bi%3A0%3Bs%3A5%3A%22_csrf%22%3Bi%3A1%3Bs%3A32%3A%22pYrcHjTUiWMhD9GmSPLle0XTw5dYDOBR%22%3B%7D; PHPSESSID=srplng6n2g5dpv9vagtehe4gu1'
    'HTTP_USER_AGENT' => 'Mozilla/5.0 (Macintosh; Intel Mac OS X 10_9_4) AppleWebKit/537.77.4 (KHTML, like Gecko) Version/7.0.5 Safari/537.77.4'
    'HTTP_ACCEPT_LANGUAGE' => 'zh-cn'
    'HTTP_REFERER' => 'http://hhg.yltd.com/site/login'
    'HTTP_ACCEPT_ENCODING' => 'gzip, deflate'
    'PHP_SELF' => '/index.php'
    'REQUEST_TIME_FLOAT' => 1440642001.5132
    'REQUEST_TIME' => 1440642001
]
2015-08-27 02:20:01 [127.0.0.1][-][-][error][yii\web\HttpException:404] exception 'yii\base\InvalidRouteException' with message 'Unable to resolve the request "images/bg_metal.png".' in /Users/liuwanglei/code/hp/vendor/yiisoft/yii2/base/Module.php:461
Stack trace:
#0 /Users/liuwanglei/code/hp/vendor/yiisoft/yii2/web/Application.php(83): yii\base\Module->runAction('images/bg_metal...', Array)
#1 /Users/liuwanglei/code/hp/vendor/yiisoft/yii2/base/Application.php(375): yii\web\Application->handleRequest(Object(yii\web\Request))
#2 /Users/liuwanglei/code/hp/hhg/web/index.php(18): yii\base\Application->run()
#3 {main}

Next exception 'yii\web\NotFoundHttpException' with message '页面未找到。' in /Users/liuwanglei/code/hp/vendor/yiisoft/yii2/web/Application.php:95
Stack trace:
#0 /Users/liuwanglei/code/hp/vendor/yiisoft/yii2/base/Application.php(375): yii\web\Application->handleRequest(Object(yii\web\Request))
#1 /Users/liuwanglei/code/hp/hhg/web/index.php(18): yii\base\Application->run()
#2 {main}
2015-08-27 02:20:01 [127.0.0.1][-][-][info][application] $_COOKIE = [
    '_csrf' => '19968b1acb82a1194e02fd1942e9cfef898cba263536a5f98fd80ac48b51a689a:2:{i:0;s:5:\"_csrf\";i:1;s:32:\"pYrcHjTUiWMhD9GmSPLle0XTw5dYDOBR\";}'
    'PHPSESSID' => 'srplng6n2g5dpv9vagtehe4gu1'
]

$_SESSION = [
    '__flash' => []
    '__returnUrl' => '/'
]

$_SERVER = [
    'USER' => '_www'
    'HOME' => '/Library/WebServer'
    'FCGI_ROLE' => 'RESPONDER'
    'SCRIPT_FILENAME' => '/Users/liuwanglei/code/hp/hhg/web/index.php'
    'QUERY_STRING' => ''
    'REQUEST_METHOD' => 'GET'
    'CONTENT_TYPE' => ''
    'CONTENT_LENGTH' => ''
    'SCRIPT_NAME' => '/index.php'
    'REQUEST_URI' => '/images/bg_metal.png'
    'DOCUMENT_URI' => '/index.php'
    'DOCUMENT_ROOT' => '/Users/liuwanglei/code/hp/hhg/web'
    'SERVER_PROTOCOL' => 'HTTP/1.1'
    'GATEWAY_INTERFACE' => 'CGI/1.1'
    'SERVER_SOFTWARE' => 'nginx/1.8.0'
    'REMOTE_ADDR' => '127.0.0.1'
    'REMOTE_PORT' => '59831'
    'SERVER_ADDR' => '127.0.0.1'
    'SERVER_PORT' => '80'
    'SERVER_NAME' => 'hhg.yltd.com'
    'REDIRECT_STATUS' => '200'
    'HTTP_HOST' => 'hhg.yltd.com'
    'HTTP_ACCEPT' => '*/*'
    'HTTP_CONNECTION' => 'keep-alive'
    'HTTP_COOKIE' => '_csrf=19968b1acb82a1194e02fd1942e9cfef898cba263536a5f98fd80ac48b51a689a%3A2%3A%7Bi%3A0%3Bs%3A5%3A%22_csrf%22%3Bi%3A1%3Bs%3A32%3A%22pYrcHjTUiWMhD9GmSPLle0XTw5dYDOBR%22%3B%7D; PHPSESSID=srplng6n2g5dpv9vagtehe4gu1'
    'HTTP_USER_AGENT' => 'Mozilla/5.0 (Macintosh; Intel Mac OS X 10_9_4) AppleWebKit/537.77.4 (KHTML, like Gecko) Version/7.0.5 Safari/537.77.4'
    'HTTP_ACCEPT_LANGUAGE' => 'zh-cn'
    'HTTP_REFERER' => 'http://hhg.yltd.com/site/login'
    'HTTP_ACCEPT_ENCODING' => 'gzip, deflate'
    'PHP_SELF' => '/index.php'
    'REQUEST_TIME_FLOAT' => 1440642001.517
    'REQUEST_TIME' => 1440642001
]
2015-08-27 03:04:27 [127.0.0.1][2][-][error][yii\base\InvalidParamException] exception 'yii\base\InvalidParamException' with message 'The view file does not exist: /Users/liuwanglei/code/hp/hhg/views/order/handle.php' in /Users/liuwanglei/code/hp/vendor/yiisoft/yii2/base/View.php:226
Stack trace:
#0 /Users/liuwanglei/code/hp/vendor/yiisoft/yii2/base/View.php(149): yii\base\View->renderFile('/Users/liuwangl...', Array, Object(hhg\controllers\OrderController))
#1 /Users/liuwanglei/code/hp/vendor/yiisoft/yii2/base/Controller.php(398): yii\base\View->render('handle', Array, Object(hhg\controllers\OrderController))
#2 /Users/liuwanglei/code/hp/hhg/controllers/OrderController.php(1322): yii\base\Controller->renderPartial('handle', Array)
#3 [internal function]: hhg\controllers\OrderController->actionHandle()
#4 /Users/liuwanglei/code/hp/vendor/yiisoft/yii2/base/InlineAction.php(55): call_user_func_array(Array, Array)
#5 /Users/liuwanglei/code/hp/vendor/yiisoft/yii2/base/Controller.php(151): yii\base\InlineAction->runWithParams(Array)
#6 /Users/liuwanglei/code/hp/vendor/yiisoft/yii2/base/Module.php(455): yii\base\Controller->runAction('handle', Array)
#7 /Users/liuwanglei/code/hp/vendor/yiisoft/yii2/web/Application.php(83): yii\base\Module->runAction('order/handle', Array)
#8 /Users/liuwanglei/code/hp/vendor/yiisoft/yii2/base/Application.php(375): yii\web\Application->handleRequest(Object(yii\web\Request))
#9 /Users/liuwanglei/code/hp/hhg/web/index.php(18): yii\base\Application->run()
#10 {main}
2015-08-27 03:04:27 [127.0.0.1][2][-][info][application] $_POST = [
    'order_id' => '29'
    '_csrf' => 'aEktN1VDT2wYEF9UHSkbOQEeYF8ReggBOxlhWzBzFzgffEluEQwNPg=='
]

$_COOKIE = [
    '_csrf' => '19968b1acb82a1194e02fd1942e9cfef898cba263536a5f98fd80ac48b51a689a:2:{i:0;s:5:\"_csrf\";i:1;s:32:\"pYrcHjTUiWMhD9GmSPLle0XTw5dYDOBR\";}'
    'PHPSESSID' => 'e0h01u5iram5b60oqf5hgep6k6'
]

$_SESSION = [
    '__flash' => []
    '__returnUrl' => '/'
    '__id' => 2
]

$_SERVER = [
    'USER' => '_www'
    'HOME' => '/Library/WebServer'
    'FCGI_ROLE' => 'RESPONDER'
    'SCRIPT_FILENAME' => '/Users/liuwanglei/code/hp/hhg/web/index.php'
    'QUERY_STRING' => ''
    'REQUEST_METHOD' => 'POST'
    'CONTENT_TYPE' => 'application/x-www-form-urlencoded; charset=UTF-8'
    'CONTENT_LENGTH' => '78'
    'SCRIPT_NAME' => '/index.php'
    'REQUEST_URI' => '/order/handle'
    'DOCUMENT_URI' => '/index.php'
    'DOCUMENT_ROOT' => '/Users/liuwanglei/code/hp/hhg/web'
    'SERVER_PROTOCOL' => 'HTTP/1.1'
    'GATEWAY_INTERFACE' => 'CGI/1.1'
    'SERVER_SOFTWARE' => 'nginx/1.8.0'
    'REMOTE_ADDR' => '127.0.0.1'
    'REMOTE_PORT' => '63051'
    'SERVER_ADDR' => '127.0.0.1'
    'SERVER_PORT' => '80'
    'SERVER_NAME' => 'hhg.yltd.com'
    'REDIRECT_STATUS' => '200'
    'HTTP_HOST' => 'hhg.yltd.com'
    'HTTP_ACCEPT' => 'text/html, */*; q=0.01'
    'HTTP_X_REQUESTED_WITH' => 'XMLHttpRequest'
    'HTTP_ACCEPT_ENCODING' => 'gzip, deflate'
    'HTTP_ACCEPT_LANGUAGE' => 'zh-cn'
    'HTTP_CONTENT_TYPE' => 'application/x-www-form-urlencoded; charset=UTF-8'
    'HTTP_ORIGIN' => 'http://hhg.yltd.com'
    'HTTP_CONTENT_LENGTH' => '78'
    'HTTP_CONNECTION' => 'keep-alive'
    'HTTP_USER_AGENT' => 'Mozilla/5.0 (Macintosh; Intel Mac OS X 10_9_4) AppleWebKit/537.77.4 (KHTML, like Gecko) Version/7.0.5 Safari/537.77.4'
    'HTTP_REFERER' => 'http://hhg.yltd.com/order/except'
    'HTTP_COOKIE' => '_csrf=19968b1acb82a1194e02fd1942e9cfef898cba263536a5f98fd80ac48b51a689a%3A2%3A%7Bi%3A0%3Bs%3A5%3A%22_csrf%22%3Bi%3A1%3Bs%3A32%3A%22pYrcHjTUiWMhD9GmSPLle0XTw5dYDOBR%22%3B%7D; PHPSESSID=e0h01u5iram5b60oqf5hgep6k6'
    'PHP_SELF' => '/index.php'
    'REQUEST_TIME_FLOAT' => 1440644667.6802
    'REQUEST_TIME' => 1440644667
]
2015-08-27 03:04:28 [127.0.0.1][2][-][error][yii\base\InvalidParamException] exception 'yii\base\InvalidParamException' with message 'The view file does not exist: /Users/liuwanglei/code/hp/hhg/views/order/handle.php' in /Users/liuwanglei/code/hp/vendor/yiisoft/yii2/base/View.php:226
Stack trace:
#0 /Users/liuwanglei/code/hp/vendor/yiisoft/yii2/base/View.php(149): yii\base\View->renderFile('/Users/liuwangl...', Array, Object(hhg\controllers\OrderController))
#1 /Users/liuwanglei/code/hp/vendor/yiisoft/yii2/base/Controller.php(398): yii\base\View->render('handle', Array, Object(hhg\controllers\OrderController))
#2 /Users/liuwanglei/code/hp/hhg/controllers/OrderController.php(1322): yii\base\Controller->renderPartial('handle', Array)
#3 [internal function]: hhg\controllers\OrderController->actionHandle()
#4 /Users/liuwanglei/code/hp/vendor/yiisoft/yii2/base/InlineAction.php(55): call_user_func_array(Array, Array)
#5 /Users/liuwanglei/code/hp/vendor/yiisoft/yii2/base/Controller.php(151): yii\base\InlineAction->runWithParams(Array)
#6 /Users/liuwanglei/code/hp/vendor/yiisoft/yii2/base/Module.php(455): yii\base\Controller->runAction('handle', Array)
#7 /Users/liuwanglei/code/hp/vendor/yiisoft/yii2/web/Application.php(83): yii\base\Module->runAction('order/handle', Array)
#8 /Users/liuwanglei/code/hp/vendor/yiisoft/yii2/base/Application.php(375): yii\web\Application->handleRequest(Object(yii\web\Request))
#9 /Users/liuwanglei/code/hp/hhg/web/index.php(18): yii\base\Application->run()
#10 {main}
2015-08-27 03:04:28 [127.0.0.1][2][-][info][application] $_POST = [
    'order_id' => '29'
    '_csrf' => 'aEktN1VDT2wYEF9UHSkbOQEeYF8ReggBOxlhWzBzFzgffEluEQwNPg=='
]

$_COOKIE = [
    '_csrf' => '19968b1acb82a1194e02fd1942e9cfef898cba263536a5f98fd80ac48b51a689a:2:{i:0;s:5:\"_csrf\";i:1;s:32:\"pYrcHjTUiWMhD9GmSPLle0XTw5dYDOBR\";}'
    'PHPSESSID' => 'e0h01u5iram5b60oqf5hgep6k6'
]

$_SESSION = [
    '__flash' => []
    '__returnUrl' => '/'
    '__id' => 2
]

$_SERVER = [
    'USER' => '_www'
    'HOME' => '/Library/WebServer'
    'FCGI_ROLE' => 'RESPONDER'
    'SCRIPT_FILENAME' => '/Users/liuwanglei/code/hp/hhg/web/index.php'
    'QUERY_STRING' => ''
    'REQUEST_METHOD' => 'POST'
    'CONTENT_TYPE' => 'application/x-www-form-urlencoded; charset=UTF-8'
    'CONTENT_LENGTH' => '78'
    'SCRIPT_NAME' => '/index.php'
    'REQUEST_URI' => '/order/handle'
    'DOCUMENT_URI' => '/index.php'
    'DOCUMENT_ROOT' => '/Users/liuwanglei/code/hp/hhg/web'
    'SERVER_PROTOCOL' => 'HTTP/1.1'
    'GATEWAY_INTERFACE' => 'CGI/1.1'
    'SERVER_SOFTWARE' => 'nginx/1.8.0'
    'REMOTE_ADDR' => '127.0.0.1'
    'REMOTE_PORT' => '63051'
    'SERVER_ADDR' => '127.0.0.1'
    'SERVER_PORT' => '80'
    'SERVER_NAME' => 'hhg.yltd.com'
    'REDIRECT_STATUS' => '200'
    'HTTP_HOST' => 'hhg.yltd.com'
    'HTTP_ACCEPT' => 'text/html, */*; q=0.01'
    'HTTP_X_REQUESTED_WITH' => 'XMLHttpRequest'
    'HTTP_ACCEPT_ENCODING' => 'gzip, deflate'
    'HTTP_ACCEPT_LANGUAGE' => 'zh-cn'
    'HTTP_CONTENT_TYPE' => 'application/x-www-form-urlencoded; charset=UTF-8'
    'HTTP_ORIGIN' => 'http://hhg.yltd.com'
    'HTTP_CONTENT_LENGTH' => '78'
    'HTTP_CONNECTION' => 'keep-alive'
    'HTTP_USER_AGENT' => 'Mozilla/5.0 (Macintosh; Intel Mac OS X 10_9_4) AppleWebKit/537.77.4 (KHTML, like Gecko) Version/7.0.5 Safari/537.77.4'
    'HTTP_REFERER' => 'http://hhg.yltd.com/order/except'
    'HTTP_COOKIE' => '_csrf=19968b1acb82a1194e02fd1942e9cfef898cba263536a5f98fd80ac48b51a689a%3A2%3A%7Bi%3A0%3Bs%3A5%3A%22_csrf%22%3Bi%3A1%3Bs%3A32%3A%22pYrcHjTUiWMhD9GmSPLle0XTw5dYDOBR%22%3B%7D; PHPSESSID=e0h01u5iram5b60oqf5hgep6k6'
    'PHP_SELF' => '/index.php'
    'REQUEST_TIME_FLOAT' => 1440644668.7414
    'REQUEST_TIME' => 1440644668
]
2015-08-27 03:04:46 [127.0.0.1][2][-][error][yii\base\InvalidParamException] exception 'yii\base\InvalidParamException' with message 'The view file does not exist: /Users/liuwanglei/code/hp/hhg/views/order/handle.php' in /Users/liuwanglei/code/hp/vendor/yiisoft/yii2/base/View.php:226
Stack trace:
#0 /Users/liuwanglei/code/hp/vendor/yiisoft/yii2/base/View.php(149): yii\base\View->renderFile('/Users/liuwangl...', Array, Object(hhg\controllers\OrderController))
#1 /Users/liuwanglei/code/hp/vendor/yiisoft/yii2/base/Controller.php(398): yii\base\View->render('handle', Array, Object(hhg\controllers\OrderController))
#2 /Users/liuwanglei/code/hp/hhg/controllers/OrderController.php(1322): yii\base\Controller->renderPartial('handle', Array)
#3 [internal function]: hhg\controllers\OrderController->actionHandle()
#4 /Users/liuwanglei/code/hp/vendor/yiisoft/yii2/base/InlineAction.php(55): call_user_func_array(Array, Array)
#5 /Users/liuwanglei/code/hp/vendor/yiisoft/yii2/base/Controller.php(151): yii\base\InlineAction->runWithParams(Array)
#6 /Users/liuwanglei/code/hp/vendor/yiisoft/yii2/base/Module.php(455): yii\base\Controller->runAction('handle', Array)
#7 /Users/liuwanglei/code/hp/vendor/yiisoft/yii2/web/Application.php(83): yii\base\Module->runAction('order/handle', Array)
#8 /Users/liuwanglei/code/hp/vendor/yiisoft/yii2/base/Application.php(375): yii\web\Application->handleRequest(Object(yii\web\Request))
#9 /Users/liuwanglei/code/hp/hhg/web/index.php(18): yii\base\Application->run()
#10 {main}
2015-08-27 03:04:46 [127.0.0.1][2][-][info][application] $_POST = [
    'order_id' => '29'
    '_csrf' => 'RVBXaUJfMDUSYh0iExNYUQsYNl8VPUh7EmQtJG8AAAwoKhoiA2t7XQ=='
]

$_COOKIE = [
    '_csrf' => '1888fdf5f56eadc2b4c5b2f2226ad29b76271b297f9b595a88e60cbe38a60d74a:2:{i:0;s:5:\"_csrf\";i:1;s:32:\"W2JKQLhdNHa6WbxNW4zM-_09mzMKA4Kh\";}'
    'PHPSESSID' => 'gnruhlkbuqvd9815lu90ijrvl2'
]

$_SESSION = [
    '__flash' => []
    '__returnUrl' => '/'
    '__id' => 2
]

$_SERVER = [
    'USER' => '_www'
    'HOME' => '/Library/WebServer'
    'FCGI_ROLE' => 'RESPONDER'
    'SCRIPT_FILENAME' => '/Users/liuwanglei/code/hp/hhg/web/index.php'
    'QUERY_STRING' => ''
    'REQUEST_METHOD' => 'POST'
    'CONTENT_TYPE' => 'application/x-www-form-urlencoded; charset=UTF-8'
    'CONTENT_LENGTH' => '78'
    'SCRIPT_NAME' => '/index.php'
    'REQUEST_URI' => '/order/handle'
    'DOCUMENT_URI' => '/index.php'
    'DOCUMENT_ROOT' => '/Users/liuwanglei/code/hp/hhg/web'
    'SERVER_PROTOCOL' => 'HTTP/1.1'
    'GATEWAY_INTERFACE' => 'CGI/1.1'
    'SERVER_SOFTWARE' => 'nginx/1.8.0'
    'REMOTE_ADDR' => '127.0.0.1'
    'REMOTE_PORT' => '63709'
    'SERVER_ADDR' => '127.0.0.1'
    'SERVER_PORT' => '80'
    'SERVER_NAME' => 'hhg.yltd.com'
    'REDIRECT_STATUS' => '200'
    'HTTP_HOST' => 'hhg.yltd.com'
    'HTTP_CONNECTION' => 'keep-alive'
    'HTTP_CONTENT_LENGTH' => '78'
    'HTTP_ACCEPT' => 'text/html, */*; q=0.01'
    'HTTP_ORIGIN' => 'http://hhg.yltd.com'
    'HTTP_X_REQUESTED_WITH' => 'XMLHttpRequest'
    'HTTP_USER_AGENT' => 'Mozilla/5.0 (Macintosh; Intel Mac OS X 10_9_4) AppleWebKit/537.36 (KHTML, like Gecko) Chrome/44.0.2403.130 Safari/537.36'
    'HTTP_CONTENT_TYPE' => 'application/x-www-form-urlencoded; charset=UTF-8'
    'HTTP_REFERER' => 'http://hhg.yltd.com/order/except'
    'HTTP_ACCEPT_ENCODING' => 'gzip, deflate'
    'HTTP_ACCEPT_LANGUAGE' => 'zh-CN,zh;q=0.8,en;q=0.6'
    'HTTP_COOKIE' => '_csrf=1888fdf5f56eadc2b4c5b2f2226ad29b76271b297f9b595a88e60cbe38a60d74a%3A2%3A%7Bi%3A0%3Bs%3A5%3A%22_csrf%22%3Bi%3A1%3Bs%3A32%3A%22W2JKQLhdNHa6WbxNW4zM-_09mzMKA4Kh%22%3B%7D; PHPSESSID=gnruhlkbuqvd9815lu90ijrvl2'
    'PHP_SELF' => '/index.php'
    'REQUEST_TIME_FLOAT' => 1440644686.4982
    'REQUEST_TIME' => 1440644686
]
2015-08-27 03:43:54 [127.0.0.1][-][-][error][yii\web\HttpException:404] exception 'yii\base\InvalidRouteException' with message 'Unable to resolve the request "js/jquery-1.7.2.min.js".' in /Users/liuwanglei/code/hp/vendor/yiisoft/yii2/base/Module.php:461
Stack trace:
#0 /Users/liuwanglei/code/hp/vendor/yiisoft/yii2/web/Application.php(83): yii\base\Module->runAction('js/jquery-1.7.2...', Array)
#1 /Users/liuwanglei/code/hp/vendor/yiisoft/yii2/base/Application.php(375): yii\web\Application->handleRequest(Object(yii\web\Request))
#2 /Users/liuwanglei/code/hp/hhg/web/index.php(18): yii\base\Application->run()
#3 {main}

Next exception 'yii\web\NotFoundHttpException' with message '页面未找到。' in /Users/liuwanglei/code/hp/vendor/yiisoft/yii2/web/Application.php:95
Stack trace:
#0 /Users/liuwanglei/code/hp/vendor/yiisoft/yii2/base/Application.php(375): yii\web\Application->handleRequest(Object(yii\web\Request))
#1 /Users/liuwanglei/code/hp/hhg/web/index.php(18): yii\base\Application->run()
#2 {main}
2015-08-27 03:43:54 [127.0.0.1][-][-][info][application] $_COOKIE = [
    '_csrf' => 'f8c2ed531bd486aab35159f9842d1fd9bed083aebd566f861372578aa3a19c91a:2:{i:0;s:5:\"_csrf\";i:1;s:32:\"A549t7oRL0Ee6SzuYEl8YrgBACBgW9L8\";}'
    'PHPSESSID' => '3nf4idungpphrb96ibulh6iq92'
]

$_SESSION = [
    '__flash' => []
    '__returnUrl' => '/'
]

$_SERVER = [
    'USER' => '_www'
    'HOME' => '/Library/WebServer'
    'FCGI_ROLE' => 'RESPONDER'
    'SCRIPT_FILENAME' => '/Users/liuwanglei/code/hp/hhg/web/index.php'
    'QUERY_STRING' => ''
    'REQUEST_METHOD' => 'GET'
    'CONTENT_TYPE' => ''
    'CONTENT_LENGTH' => ''
    'SCRIPT_NAME' => '/index.php'
    'REQUEST_URI' => '/js/jquery-1.7.2.min.js'
    'DOCUMENT_URI' => '/index.php'
    'DOCUMENT_ROOT' => '/Users/liuwanglei/code/hp/hhg/web'
    'SERVER_PROTOCOL' => 'HTTP/1.1'
    'GATEWAY_INTERFACE' => 'CGI/1.1'
    'SERVER_SOFTWARE' => 'nginx/1.8.0'
    'REMOTE_ADDR' => '127.0.0.1'
    'REMOTE_PORT' => '50032'
    'SERVER_ADDR' => '127.0.0.1'
    'SERVER_PORT' => '80'
    'SERVER_NAME' => 'hhg.yltd.com'
    'REDIRECT_STATUS' => '200'
    'HTTP_HOST' => 'hhg.yltd.com'
    'HTTP_ACCEPT' => '*/*'
    'HTTP_CONNECTION' => 'keep-alive'
    'HTTP_COOKIE' => '_csrf=f8c2ed531bd486aab35159f9842d1fd9bed083aebd566f861372578aa3a19c91a%3A2%3A%7Bi%3A0%3Bs%3A5%3A%22_csrf%22%3Bi%3A1%3Bs%3A32%3A%22A549t7oRL0Ee6SzuYEl8YrgBACBgW9L8%22%3B%7D; PHPSESSID=3nf4idungpphrb96ibulh6iq92'
    'HTTP_USER_AGENT' => 'Mozilla/5.0 (Macintosh; Intel Mac OS X 10_9_4) AppleWebKit/537.77.4 (KHTML, like Gecko) Version/7.0.5 Safari/537.77.4'
    'HTTP_ACCEPT_LANGUAGE' => 'zh-cn'
    'HTTP_REFERER' => 'http://hhg.yltd.com/site/login'
    'HTTP_ACCEPT_ENCODING' => 'gzip, deflate'
    'PHP_SELF' => '/index.php'
    'REQUEST_TIME_FLOAT' => 1440647034.9353
    'REQUEST_TIME' => 1440647034
]
2015-08-27 03:43:54 [127.0.0.1][-][-][error][yii\web\HttpException:404] exception 'yii\base\InvalidRouteException' with message 'Unable to resolve the request "images/bg_metal.png".' in /Users/liuwanglei/code/hp/vendor/yiisoft/yii2/base/Module.php:461
Stack trace:
#0 /Users/liuwanglei/code/hp/vendor/yiisoft/yii2/web/Application.php(83): yii\base\Module->runAction('images/bg_metal...', Array)
#1 /Users/liuwanglei/code/hp/vendor/yiisoft/yii2/base/Application.php(375): yii\web\Application->handleRequest(Object(yii\web\Request))
#2 /Users/liuwanglei/code/hp/hhg/web/index.php(18): yii\base\Application->run()
#3 {main}

Next exception 'yii\web\NotFoundHttpException' with message '页面未找到。' in /Users/liuwanglei/code/hp/vendor/yiisoft/yii2/web/Application.php:95
Stack trace:
#0 /Users/liuwanglei/code/hp/vendor/yiisoft/yii2/base/Application.php(375): yii\web\Application->handleRequest(Object(yii\web\Request))
#1 /Users/liuwanglei/code/hp/hhg/web/index.php(18): yii\base\Application->run()
#2 {main}
2015-08-27 03:43:54 [127.0.0.1][-][-][info][application] $_COOKIE = [
    '_csrf' => 'f8c2ed531bd486aab35159f9842d1fd9bed083aebd566f861372578aa3a19c91a:2:{i:0;s:5:\"_csrf\";i:1;s:32:\"A549t7oRL0Ee6SzuYEl8YrgBACBgW9L8\";}'
    'PHPSESSID' => '3nf4idungpphrb96ibulh6iq92'
]

$_SESSION = [
    '__flash' => []
    '__returnUrl' => '/'
]

$_SERVER = [
    'USER' => '_www'
    'HOME' => '/Library/WebServer'
    'FCGI_ROLE' => 'RESPONDER'
    'SCRIPT_FILENAME' => '/Users/liuwanglei/code/hp/hhg/web/index.php'
    'QUERY_STRING' => ''
    'REQUEST_METHOD' => 'GET'
    'CONTENT_TYPE' => ''
    'CONTENT_LENGTH' => ''
    'SCRIPT_NAME' => '/index.php'
    'REQUEST_URI' => '/images/bg_metal.png'
    'DOCUMENT_URI' => '/index.php'
    'DOCUMENT_ROOT' => '/Users/liuwanglei/code/hp/hhg/web'
    'SERVER_PROTOCOL' => 'HTTP/1.1'
    'GATEWAY_INTERFACE' => 'CGI/1.1'
    'SERVER_SOFTWARE' => 'nginx/1.8.0'
    'REMOTE_ADDR' => '127.0.0.1'
    'REMOTE_PORT' => '50038'
    'SERVER_ADDR' => '127.0.0.1'
    'SERVER_PORT' => '80'
    'SERVER_NAME' => 'hhg.yltd.com'
    'REDIRECT_STATUS' => '200'
    'HTTP_HOST' => 'hhg.yltd.com'
    'HTTP_ACCEPT' => '*/*'
    'HTTP_CONNECTION' => 'keep-alive'
    'HTTP_COOKIE' => '_csrf=f8c2ed531bd486aab35159f9842d1fd9bed083aebd566f861372578aa3a19c91a%3A2%3A%7Bi%3A0%3Bs%3A5%3A%22_csrf%22%3Bi%3A1%3Bs%3A32%3A%22A549t7oRL0Ee6SzuYEl8YrgBACBgW9L8%22%3B%7D; PHPSESSID=3nf4idungpphrb96ibulh6iq92'
    'HTTP_USER_AGENT' => 'Mozilla/5.0 (Macintosh; Intel Mac OS X 10_9_4) AppleWebKit/537.77.4 (KHTML, like Gecko) Version/7.0.5 Safari/537.77.4'
    'HTTP_ACCEPT_LANGUAGE' => 'zh-cn'
    'HTTP_REFERER' => 'http://hhg.yltd.com/site/login'
    'HTTP_ACCEPT_ENCODING' => 'gzip, deflate'
    'PHP_SELF' => '/index.php'
    'REQUEST_TIME_FLOAT' => 1440647034.9553
    'REQUEST_TIME' => 1440647034
]
2015-09-08 08:38:00 [127.0.0.1][-][-][error][yii\web\HttpException:404] exception 'yii\base\InvalidRouteException' with message 'Unable to resolve the request "js/jquery-1.7.2.min.js".' in /Users/liuwanglei/code/hp/vendor/yiisoft/yii2/base/Module.php:461
Stack trace:
#0 /Users/liuwanglei/code/hp/vendor/yiisoft/yii2/web/Application.php(83): yii\base\Module->runAction('js/jquery-1.7.2...', Array)
#1 /Users/liuwanglei/code/hp/vendor/yiisoft/yii2/base/Application.php(375): yii\web\Application->handleRequest(Object(yii\web\Request))
#2 /Users/liuwanglei/code/hp/hhg/web/index.php(18): yii\base\Application->run()
#3 {main}

Next exception 'yii\web\NotFoundHttpException' with message '页面未找到。' in /Users/liuwanglei/code/hp/vendor/yiisoft/yii2/web/Application.php:95
Stack trace:
#0 /Users/liuwanglei/code/hp/vendor/yiisoft/yii2/base/Application.php(375): yii\web\Application->handleRequest(Object(yii\web\Request))
#1 /Users/liuwanglei/code/hp/hhg/web/index.php(18): yii\base\Application->run()
#2 {main}
2015-09-08 08:38:00 [127.0.0.1][-][-][info][application] $_COOKIE = [
    'PHPSESSID' => 'uh63kekvjmluobuho7m94htm77'
    '_csrf' => '775c11a41e2e579f1ff74a7dc12f17bebd26fc612b5caa1cec384d28bcf9682ba:2:{i:0;s:5:\"_csrf\";i:1;s:32:\"XGKRDapJSn9L2oKI2DzgN-M6LcwaYzKO\";}'
]

$_SESSION = [
    '__flash' => []
    '__returnUrl' => '/'
]

$_SERVER = [
    'USER' => '_www'
    'HOME' => '/Library/WebServer'
    'FCGI_ROLE' => 'RESPONDER'
    'SCRIPT_FILENAME' => '/Users/liuwanglei/code/hp/hhg/web/index.php'
    'QUERY_STRING' => ''
    'REQUEST_METHOD' => 'GET'
    'CONTENT_TYPE' => ''
    'CONTENT_LENGTH' => ''
    'SCRIPT_NAME' => '/index.php'
    'REQUEST_URI' => '/js/jquery-1.7.2.min.js'
    'DOCUMENT_URI' => '/index.php'
    'DOCUMENT_ROOT' => '/Users/liuwanglei/code/hp/hhg/web'
    'SERVER_PROTOCOL' => 'HTTP/1.1'
    'GATEWAY_INTERFACE' => 'CGI/1.1'
    'SERVER_SOFTWARE' => 'nginx/1.8.0'
    'REMOTE_ADDR' => '127.0.0.1'
    'REMOTE_PORT' => '49565'
    'SERVER_ADDR' => '127.0.0.1'
    'SERVER_PORT' => '80'
    'SERVER_NAME' => 'hhg.yltd.com'
    'REDIRECT_STATUS' => '200'
    'HTTP_HOST' => 'hhg.yltd.com'
    'HTTP_CONNECTION' => 'keep-alive'
    'HTTP_ACCEPT' => '*/*'
    'HTTP_USER_AGENT' => 'Mozilla/5.0 (Macintosh; Intel Mac OS X 10_9_4) AppleWebKit/537.36 (KHTML, like Gecko) Chrome/44.0.2403.157 Safari/537.36'
    'HTTP_REFERER' => 'http://hhg.yltd.com/site/login'
    'HTTP_ACCEPT_ENCODING' => 'gzip, deflate, sdch'
    'HTTP_ACCEPT_LANGUAGE' => 'zh-CN,zh;q=0.8,en;q=0.6'
    'HTTP_COOKIE' => 'PHPSESSID=uh63kekvjmluobuho7m94htm77; _csrf=775c11a41e2e579f1ff74a7dc12f17bebd26fc612b5caa1cec384d28bcf9682ba%3A2%3A%7Bi%3A0%3Bs%3A5%3A%22_csrf%22%3Bi%3A1%3Bs%3A32%3A%22XGKRDapJSn9L2oKI2DzgN-M6LcwaYzKO%22%3B%7D'
    'PHP_SELF' => '/index.php'
    'REQUEST_TIME_FLOAT' => 1441701480.8033
    'REQUEST_TIME' => 1441701480
]
2015-09-08 08:38:00 [127.0.0.1][-][-][error][yii\web\HttpException:404] exception 'yii\base\InvalidRouteException' with message 'Unable to resolve the request "images/bg_metal.png".' in /Users/liuwanglei/code/hp/vendor/yiisoft/yii2/base/Module.php:461
Stack trace:
#0 /Users/liuwanglei/code/hp/vendor/yiisoft/yii2/web/Application.php(83): yii\base\Module->runAction('images/bg_metal...', Array)
#1 /Users/liuwanglei/code/hp/vendor/yiisoft/yii2/base/Application.php(375): yii\web\Application->handleRequest(Object(yii\web\Request))
#2 /Users/liuwanglei/code/hp/hhg/web/index.php(18): yii\base\Application->run()
#3 {main}

Next exception 'yii\web\NotFoundHttpException' with message '页面未找到。' in /Users/liuwanglei/code/hp/vendor/yiisoft/yii2/web/Application.php:95
Stack trace:
#0 /Users/liuwanglei/code/hp/vendor/yiisoft/yii2/base/Application.php(375): yii\web\Application->handleRequest(Object(yii\web\Request))
#1 /Users/liuwanglei/code/hp/hhg/web/index.php(18): yii\base\Application->run()
#2 {main}
2015-09-08 08:38:00 [127.0.0.1][-][-][info][application] $_COOKIE = [
    'PHPSESSID' => 'uh63kekvjmluobuho7m94htm77'
    '_csrf' => '775c11a41e2e579f1ff74a7dc12f17bebd26fc612b5caa1cec384d28bcf9682ba:2:{i:0;s:5:\"_csrf\";i:1;s:32:\"XGKRDapJSn9L2oKI2DzgN-M6LcwaYzKO\";}'
]

$_SESSION = [
    '__flash' => []
    '__returnUrl' => '/'
]

$_SERVER = [
    'USER' => '_www'
    'HOME' => '/Library/WebServer'
    'FCGI_ROLE' => 'RESPONDER'
    'SCRIPT_FILENAME' => '/Users/liuwanglei/code/hp/hhg/web/index.php'
    'QUERY_STRING' => ''
    'REQUEST_METHOD' => 'GET'
    'CONTENT_TYPE' => ''
    'CONTENT_LENGTH' => ''
    'SCRIPT_NAME' => '/index.php'
    'REQUEST_URI' => '/images/bg_metal.png'
    'DOCUMENT_URI' => '/index.php'
    'DOCUMENT_ROOT' => '/Users/liuwanglei/code/hp/hhg/web'
    'SERVER_PROTOCOL' => 'HTTP/1.1'
    'GATEWAY_INTERFACE' => 'CGI/1.1'
    'SERVER_SOFTWARE' => 'nginx/1.8.0'
    'REMOTE_ADDR' => '127.0.0.1'
    'REMOTE_PORT' => '49572'
    'SERVER_ADDR' => '127.0.0.1'
    'SERVER_PORT' => '80'
    'SERVER_NAME' => 'hhg.yltd.com'
    'REDIRECT_STATUS' => '200'
    'HTTP_HOST' => 'hhg.yltd.com'
    'HTTP_CONNECTION' => 'keep-alive'
    'HTTP_ACCEPT' => 'image/webp,*/*;q=0.8'
    'HTTP_USER_AGENT' => 'Mozilla/5.0 (Macintosh; Intel Mac OS X 10_9_4) AppleWebKit/537.36 (KHTML, like Gecko) Chrome/44.0.2403.157 Safari/537.36'
    'HTTP_REFERER' => 'http://hhg.yltd.com/css/main.css'
    'HTTP_ACCEPT_ENCODING' => 'gzip, deflate, sdch'
    'HTTP_ACCEPT_LANGUAGE' => 'zh-CN,zh;q=0.8,en;q=0.6'
    'HTTP_COOKIE' => 'PHPSESSID=uh63kekvjmluobuho7m94htm77; _csrf=775c11a41e2e579f1ff74a7dc12f17bebd26fc612b5caa1cec384d28bcf9682ba%3A2%3A%7Bi%3A0%3Bs%3A5%3A%22_csrf%22%3Bi%3A1%3Bs%3A32%3A%22XGKRDapJSn9L2oKI2DzgN-M6LcwaYzKO%22%3B%7D'
    'PHP_SELF' => '/index.php'
    'REQUEST_TIME_FLOAT' => 1441701480.8163
    'REQUEST_TIME' => 1441701480
]
2015-09-08 08:38:00 [127.0.0.1][-][-][error][yii\web\HttpException:404] exception 'yii\base\InvalidRouteException' with message 'Unable to resolve the request "favicon.ico".' in /Users/liuwanglei/code/hp/vendor/yiisoft/yii2/base/Module.php:461
Stack trace:
#0 /Users/liuwanglei/code/hp/vendor/yiisoft/yii2/web/Application.php(83): yii\base\Module->runAction('favicon.ico', Array)
#1 /Users/liuwanglei/code/hp/vendor/yiisoft/yii2/base/Application.php(375): yii\web\Application->handleRequest(Object(yii\web\Request))
#2 /Users/liuwanglei/code/hp/hhg/web/index.php(18): yii\base\Application->run()
#3 {main}

Next exception 'yii\web\NotFoundHttpException' with message '页面未找到。' in /Users/liuwanglei/code/hp/vendor/yiisoft/yii2/web/Application.php:95
Stack trace:
#0 /Users/liuwanglei/code/hp/vendor/yiisoft/yii2/base/Application.php(375): yii\web\Application->handleRequest(Object(yii\web\Request))
#1 /Users/liuwanglei/code/hp/hhg/web/index.php(18): yii\base\Application->run()
#2 {main}
2015-09-08 08:38:00 [127.0.0.1][-][-][info][application] $_COOKIE = [
    'PHPSESSID' => 'uh63kekvjmluobuho7m94htm77'
    '_csrf' => '775c11a41e2e579f1ff74a7dc12f17bebd26fc612b5caa1cec384d28bcf9682ba:2:{i:0;s:5:\"_csrf\";i:1;s:32:\"XGKRDapJSn9L2oKI2DzgN-M6LcwaYzKO\";}'
]

$_SESSION = [
    '__flash' => []
    '__returnUrl' => '/'
]

$_SERVER = [
    'USER' => '_www'
    'HOME' => '/Library/WebServer'
    'FCGI_ROLE' => 'RESPONDER'
    'SCRIPT_FILENAME' => '/Users/liuwanglei/code/hp/hhg/web/index.php'
    'QUERY_STRING' => ''
    'REQUEST_METHOD' => 'GET'
    'CONTENT_TYPE' => ''
    'CONTENT_LENGTH' => ''
    'SCRIPT_NAME' => '/index.php'
    'REQUEST_URI' => '/favicon.ico'
    'DOCUMENT_URI' => '/index.php'
    'DOCUMENT_ROOT' => '/Users/liuwanglei/code/hp/hhg/web'
    'SERVER_PROTOCOL' => 'HTTP/1.1'
    'GATEWAY_INTERFACE' => 'CGI/1.1'
    'SERVER_SOFTWARE' => 'nginx/1.8.0'
    'REMOTE_ADDR' => '127.0.0.1'
    'REMOTE_PORT' => '49572'
    'SERVER_ADDR' => '127.0.0.1'
    'SERVER_PORT' => '80'
    'SERVER_NAME' => 'hhg.yltd.com'
    'REDIRECT_STATUS' => '200'
    'HTTP_HOST' => 'hhg.yltd.com'
    'HTTP_CONNECTION' => 'keep-alive'
    'HTTP_USER_AGENT' => 'Mozilla/5.0 (Macintosh; Intel Mac OS X 10_9_4) AppleWebKit/537.36 (KHTML, like Gecko) Chrome/44.0.2403.157 Safari/537.36'
    'HTTP_ACCEPT' => '*/*'
    'HTTP_REFERER' => 'http://hhg.yltd.com/site/login'
    'HTTP_ACCEPT_ENCODING' => 'gzip, deflate, sdch'
    'HTTP_ACCEPT_LANGUAGE' => 'zh-CN,zh;q=0.8,en;q=0.6'
    'HTTP_COOKIE' => 'PHPSESSID=uh63kekvjmluobuho7m94htm77; _csrf=775c11a41e2e579f1ff74a7dc12f17bebd26fc612b5caa1cec384d28bcf9682ba%3A2%3A%7Bi%3A0%3Bs%3A5%3A%22_csrf%22%3Bi%3A1%3Bs%3A32%3A%22XGKRDapJSn9L2oKI2DzgN-M6LcwaYzKO%22%3B%7D'
    'PHP_SELF' => '/index.php'
    'REQUEST_TIME_FLOAT' => 1441701480.9508
    'REQUEST_TIME' => 1441701480
]
2015-09-08 08:38:17 [127.0.0.1][-][-][error][yii\web\HttpException:404] exception 'yii\base\InvalidRouteException' with message 'Unable to resolve the request "js/jquery-1.7.2.min.js".' in /Users/liuwanglei/code/hp/vendor/yiisoft/yii2/base/Module.php:461
Stack trace:
#0 /Users/liuwanglei/code/hp/vendor/yiisoft/yii2/web/Application.php(83): yii\base\Module->runAction('js/jquery-1.7.2...', Array)
#1 /Users/liuwanglei/code/hp/vendor/yiisoft/yii2/base/Application.php(375): yii\web\Application->handleRequest(Object(yii\web\Request))
#2 /Users/liuwanglei/code/hp/hhg/web/index.php(18): yii\base\Application->run()
#3 {main}

Next exception 'yii\web\NotFoundHttpException' with message '页面未找到。' in /Users/liuwanglei/code/hp/vendor/yiisoft/yii2/web/Application.php:95
Stack trace:
#0 /Users/liuwanglei/code/hp/vendor/yiisoft/yii2/base/Application.php(375): yii\web\Application->handleRequest(Object(yii\web\Request))
#1 /Users/liuwanglei/code/hp/hhg/web/index.php(18): yii\base\Application->run()
#2 {main}
2015-09-08 08:38:17 [127.0.0.1][-][-][info][application] $_COOKIE = [
    'PHPSESSID' => 'uh63kekvjmluobuho7m94htm77'
    '_csrf' => '775c11a41e2e579f1ff74a7dc12f17bebd26fc612b5caa1cec384d28bcf9682ba:2:{i:0;s:5:\"_csrf\";i:1;s:32:\"XGKRDapJSn9L2oKI2DzgN-M6LcwaYzKO\";}'
]

$_SESSION = [
    '__flash' => []
    '__returnUrl' => '/'
]

$_SERVER = [
    'USER' => '_www'
    'HOME' => '/Library/WebServer'
    'FCGI_ROLE' => 'RESPONDER'
    'SCRIPT_FILENAME' => '/Users/liuwanglei/code/hp/hhg/web/index.php'
    'QUERY_STRING' => ''
    'REQUEST_METHOD' => 'GET'
    'CONTENT_TYPE' => ''
    'CONTENT_LENGTH' => ''
    'SCRIPT_NAME' => '/index.php'
    'REQUEST_URI' => '/js/jquery-1.7.2.min.js'
    'DOCUMENT_URI' => '/index.php'
    'DOCUMENT_ROOT' => '/Users/liuwanglei/code/hp/hhg/web'
    'SERVER_PROTOCOL' => 'HTTP/1.1'
    'GATEWAY_INTERFACE' => 'CGI/1.1'
    'SERVER_SOFTWARE' => 'nginx/1.8.0'
    'REMOTE_ADDR' => '127.0.0.1'
    'REMOTE_PORT' => '49572'
    'SERVER_ADDR' => '127.0.0.1'
    'SERVER_PORT' => '80'
    'SERVER_NAME' => 'hhg.yltd.com'
    'REDIRECT_STATUS' => '200'
    'HTTP_HOST' => 'hhg.yltd.com'
    'HTTP_CONNECTION' => 'keep-alive'
    'HTTP_ACCEPT' => '*/*'
    'HTTP_USER_AGENT' => 'Mozilla/5.0 (Macintosh; Intel Mac OS X 10_9_4) AppleWebKit/537.36 (KHTML, like Gecko) Chrome/44.0.2403.157 Safari/537.36'
    'HTTP_REFERER' => 'http://hhg.yltd.com/site/login'
    'HTTP_ACCEPT_ENCODING' => 'gzip, deflate, sdch'
    'HTTP_ACCEPT_LANGUAGE' => 'zh-CN,zh;q=0.8,en;q=0.6'
    'HTTP_COOKIE' => 'PHPSESSID=uh63kekvjmluobuho7m94htm77; _csrf=775c11a41e2e579f1ff74a7dc12f17bebd26fc612b5caa1cec384d28bcf9682ba%3A2%3A%7Bi%3A0%3Bs%3A5%3A%22_csrf%22%3Bi%3A1%3Bs%3A32%3A%22XGKRDapJSn9L2oKI2DzgN-M6LcwaYzKO%22%3B%7D'
    'PHP_SELF' => '/index.php'
    'REQUEST_TIME_FLOAT' => 1441701497.9412
    'REQUEST_TIME' => 1441701497
]
2015-09-08 08:52:43 [127.0.0.1][2][-][error][yii\base\UnknownPropertyException] exception 'yii\base\UnknownPropertyException' with message 'Getting unknown property: hhg\models\Hhg::is_reset_password' in /Users/liuwanglei/code/hp/vendor/yiisoft/yii2/base/Component.php:143
Stack trace:
#0 /Users/liuwanglei/code/hp/vendor/yiisoft/yii2/db/BaseActiveRecord.php(246): yii\base\Component->__get('is_reset_passwo...')
#1 /Users/liuwanglei/code/hp/hhg/controllers/OwnerController.php(96): yii\db\BaseActiveRecord->__get('is_reset_passwo...')
#2 [internal function]: hhg\controllers\OwnerController->actionUpdate()
#3 /Users/liuwanglei/code/hp/vendor/yiisoft/yii2/base/InlineAction.php(55): call_user_func_array(Array, Array)
#4 /Users/liuwanglei/code/hp/vendor/yiisoft/yii2/base/Controller.php(151): yii\base\InlineAction->runWithParams(Array)
#5 /Users/liuwanglei/code/hp/vendor/yiisoft/yii2/base/Module.php(455): yii\base\Controller->runAction('update', Array)
#6 /Users/liuwanglei/code/hp/vendor/yiisoft/yii2/web/Application.php(83): yii\base\Module->runAction('owner/update', Array)
#7 /Users/liuwanglei/code/hp/vendor/yiisoft/yii2/base/Application.php(375): yii\web\Application->handleRequest(Object(yii\web\Request))
#8 /Users/liuwanglei/code/hp/hhg/web/index.php(18): yii\base\Application->run()
#9 {main}
2015-09-08 08:52:42 [127.0.0.1][2][-][info][application] $_POST = [
    'Hhg' => [
        'password' => '11111111'
    ]
    '_csrf' => 'ZExjUkl2dGY8CygADRcELDciWh57GT8vVggZNQdbOVAoLxQzEAw/KQ=='
]

$_COOKIE = [
    '_csrf' => '775c11a41e2e579f1ff74a7dc12f17bebd26fc612b5caa1cec384d28bcf9682ba:2:{i:0;s:5:\"_csrf\";i:1;s:32:\"XGKRDapJSn9L2oKI2DzgN-M6LcwaYzKO\";}'
    'PHPSESSID' => 'gmm3180hiav2779imh9edvq7e3'
]

$_SESSION = [
    '__flash' => []
    '__returnUrl' => '/'
    '__id' => 2
]

$_SERVER = [
    'USER' => '_www'
    'HOME' => '/Library/WebServer'
    'FCGI_ROLE' => 'RESPONDER'
    'SCRIPT_FILENAME' => '/Users/liuwanglei/code/hp/hhg/web/index.php'
    'QUERY_STRING' => ''
    'REQUEST_METHOD' => 'POST'
    'CONTENT_TYPE' => 'application/x-www-form-urlencoded; charset=UTF-8'
    'CONTENT_LENGTH' => '95'
    'SCRIPT_NAME' => '/index.php'
    'REQUEST_URI' => '/owner/update'
    'DOCUMENT_URI' => '/index.php'
    'DOCUMENT_ROOT' => '/Users/liuwanglei/code/hp/hhg/web'
    'SERVER_PROTOCOL' => 'HTTP/1.1'
    'GATEWAY_INTERFACE' => 'CGI/1.1'
    'SERVER_SOFTWARE' => 'nginx/1.8.0'
    'REMOTE_ADDR' => '127.0.0.1'
    'REMOTE_PORT' => '50444'
    'SERVER_ADDR' => '127.0.0.1'
    'SERVER_PORT' => '80'
    'SERVER_NAME' => 'hhg.yltd.com'
    'REDIRECT_STATUS' => '200'
    'HTTP_HOST' => 'hhg.yltd.com'
    'HTTP_CONNECTION' => 'keep-alive'
    'HTTP_CONTENT_LENGTH' => '95'
    'HTTP_ACCEPT' => 'text/html, */*; q=0.01'
    'HTTP_ORIGIN' => 'http://hhg.yltd.com'
    'HTTP_X_REQUESTED_WITH' => 'XMLHttpRequest'
    'HTTP_USER_AGENT' => 'Mozilla/5.0 (Macintosh; Intel Mac OS X 10_9_4) AppleWebKit/537.36 (KHTML, like Gecko) Chrome/44.0.2403.157 Safari/537.36'
    'HTTP_CONTENT_TYPE' => 'application/x-www-form-urlencoded; charset=UTF-8'
    'HTTP_REFERER' => 'http://hhg.yltd.com/'
    'HTTP_ACCEPT_ENCODING' => 'gzip, deflate'
    'HTTP_ACCEPT_LANGUAGE' => 'zh-CN,zh;q=0.8,en;q=0.6'
    'HTTP_COOKIE' => '_csrf=775c11a41e2e579f1ff74a7dc12f17bebd26fc612b5caa1cec384d28bcf9682ba%3A2%3A%7Bi%3A0%3Bs%3A5%3A%22_csrf%22%3Bi%3A1%3Bs%3A32%3A%22XGKRDapJSn9L2oKI2DzgN-M6LcwaYzKO%22%3B%7D; PHPSESSID=gmm3180hiav2779imh9edvq7e3'
    'PHP_SELF' => '/index.php'
    'REQUEST_TIME_FLOAT' => 1441702362.8731
    'REQUEST_TIME' => 1441702362
]
2015-09-08 09:44:59 [127.0.0.1][-][-][error][yii\web\HttpException:404] exception 'yii\base\InvalidRouteException' with message 'Unable to resolve the request "images/bg_metal.png".' in /Users/liuwanglei/code/hp/vendor/yiisoft/yii2/base/Module.php:461
Stack trace:
#0 /Users/liuwanglei/code/hp/vendor/yiisoft/yii2/web/Application.php(83): yii\base\Module->runAction('images/bg_metal...', Array)
#1 /Users/liuwanglei/code/hp/vendor/yiisoft/yii2/base/Application.php(375): yii\web\Application->handleRequest(Object(yii\web\Request))
#2 /Users/liuwanglei/code/hp/hhg/web/index.php(18): yii\base\Application->run()
#3 {main}

Next exception 'yii\web\NotFoundHttpException' with message '页面未找到。' in /Users/liuwanglei/code/hp/vendor/yiisoft/yii2/web/Application.php:95
Stack trace:
#0 /Users/liuwanglei/code/hp/vendor/yiisoft/yii2/base/Application.php(375): yii\web\Application->handleRequest(Object(yii\web\Request))
#1 /Users/liuwanglei/code/hp/hhg/web/index.php(18): yii\base\Application->run()
#2 {main}
2015-09-08 09:44:59 [127.0.0.1][-][-][info][application] $_COOKIE = [
    '_csrf' => '775c11a41e2e579f1ff74a7dc12f17bebd26fc612b5caa1cec384d28bcf9682ba:2:{i:0;s:5:\"_csrf\";i:1;s:32:\"XGKRDapJSn9L2oKI2DzgN-M6LcwaYzKO\";}'
    'PHPSESSID' => 'gmm3180hiav2779imh9edvq7e3'
]

$_SESSION = [
    '__flash' => []
    '__returnUrl' => '/'
]

$_SERVER = [
    'USER' => '_www'
    'HOME' => '/Library/WebServer'
    'FCGI_ROLE' => 'RESPONDER'
    'SCRIPT_FILENAME' => '/Users/liuwanglei/code/hp/hhg/web/index.php'
    'QUERY_STRING' => ''
    'REQUEST_METHOD' => 'GET'
    'CONTENT_TYPE' => ''
    'CONTENT_LENGTH' => ''
    'SCRIPT_NAME' => '/index.php'
    'REQUEST_URI' => '/images/bg_metal.png'
    'DOCUMENT_URI' => '/index.php'
    'DOCUMENT_ROOT' => '/Users/liuwanglei/code/hp/hhg/web'
    'SERVER_PROTOCOL' => 'HTTP/1.1'
    'GATEWAY_INTERFACE' => 'CGI/1.1'
    'SERVER_SOFTWARE' => 'nginx/1.8.0'
    'REMOTE_ADDR' => '127.0.0.1'
    'REMOTE_PORT' => '53741'
    'SERVER_ADDR' => '127.0.0.1'
    'SERVER_PORT' => '80'
    'SERVER_NAME' => 'hhg.yltd.com'
    'REDIRECT_STATUS' => '200'
    'HTTP_HOST' => 'hhg.yltd.com'
    'HTTP_CONNECTION' => 'keep-alive'
    'HTTP_ACCEPT' => 'image/webp,*/*;q=0.8'
    'HTTP_USER_AGENT' => 'Mozilla/5.0 (Macintosh; Intel Mac OS X 10_9_4) AppleWebKit/537.36 (KHTML, like Gecko) Chrome/44.0.2403.157 Safari/537.36'
    'HTTP_REFERER' => 'http://hhg.yltd.com/css/main.css'
    'HTTP_ACCEPT_ENCODING' => 'gzip, deflate, sdch'
    'HTTP_ACCEPT_LANGUAGE' => 'zh-CN,zh;q=0.8,en;q=0.6'
    'HTTP_COOKIE' => '_csrf=775c11a41e2e579f1ff74a7dc12f17bebd26fc612b5caa1cec384d28bcf9682ba%3A2%3A%7Bi%3A0%3Bs%3A5%3A%22_csrf%22%3Bi%3A1%3Bs%3A32%3A%22XGKRDapJSn9L2oKI2DzgN-M6LcwaYzKO%22%3B%7D; PHPSESSID=gmm3180hiav2779imh9edvq7e3'
    'PHP_SELF' => '/index.php'
    'REQUEST_TIME_FLOAT' => 1441705499.6142
    'REQUEST_TIME' => 1441705499
]
2015-09-08 09:44:59 [127.0.0.1][-][-][error][yii\web\HttpException:404] exception 'yii\base\InvalidRouteException' with message 'Unable to resolve the request "js/jquery-1.7.2.min.js".' in /Users/liuwanglei/code/hp/vendor/yiisoft/yii2/base/Module.php:461
Stack trace:
#0 /Users/liuwanglei/code/hp/vendor/yiisoft/yii2/web/Application.php(83): yii\base\Module->runAction('js/jquery-1.7.2...', Array)
#1 /Users/liuwanglei/code/hp/vendor/yiisoft/yii2/base/Application.php(375): yii\web\Application->handleRequest(Object(yii\web\Request))
#2 /Users/liuwanglei/code/hp/hhg/web/index.php(18): yii\base\Application->run()
#3 {main}

Next exception 'yii\web\NotFoundHttpException' with message '页面未找到。' in /Users/liuwanglei/code/hp/vendor/yiisoft/yii2/web/Application.php:95
Stack trace:
#0 /Users/liuwanglei/code/hp/vendor/yiisoft/yii2/base/Application.php(375): yii\web\Application->handleRequest(Object(yii\web\Request))
#1 /Users/liuwanglei/code/hp/hhg/web/index.php(18): yii\base\Application->run()
#2 {main}
2015-09-08 09:44:59 [127.0.0.1][-][-][info][application] $_COOKIE = [
    '_csrf' => '775c11a41e2e579f1ff74a7dc12f17bebd26fc612b5caa1cec384d28bcf9682ba:2:{i:0;s:5:\"_csrf\";i:1;s:32:\"XGKRDapJSn9L2oKI2DzgN-M6LcwaYzKO\";}'
    'PHPSESSID' => 'gmm3180hiav2779imh9edvq7e3'
]

$_SESSION = [
    '__flash' => []
    '__returnUrl' => '/'
]

$_SERVER = [
    'USER' => '_www'
    'HOME' => '/Library/WebServer'
    'FCGI_ROLE' => 'RESPONDER'
    'SCRIPT_FILENAME' => '/Users/liuwanglei/code/hp/hhg/web/index.php'
    'QUERY_STRING' => ''
    'REQUEST_METHOD' => 'GET'
    'CONTENT_TYPE' => ''
    'CONTENT_LENGTH' => ''
    'SCRIPT_NAME' => '/index.php'
    'REQUEST_URI' => '/js/jquery-1.7.2.min.js'
    'DOCUMENT_URI' => '/index.php'
    'DOCUMENT_ROOT' => '/Users/liuwanglei/code/hp/hhg/web'
    'SERVER_PROTOCOL' => 'HTTP/1.1'
    'GATEWAY_INTERFACE' => 'CGI/1.1'
    'SERVER_SOFTWARE' => 'nginx/1.8.0'
    'REMOTE_ADDR' => '127.0.0.1'
    'REMOTE_PORT' => '53740'
    'SERVER_ADDR' => '127.0.0.1'
    'SERVER_PORT' => '80'
    'SERVER_NAME' => 'hhg.yltd.com'
    'REDIRECT_STATUS' => '200'
    'HTTP_HOST' => 'hhg.yltd.com'
    'HTTP_CONNECTION' => 'keep-alive'
    'HTTP_ACCEPT' => '*/*'
    'HTTP_USER_AGENT' => 'Mozilla/5.0 (Macintosh; Intel Mac OS X 10_9_4) AppleWebKit/537.36 (KHTML, like Gecko) Chrome/44.0.2403.157 Safari/537.36'
    'HTTP_REFERER' => 'http://hhg.yltd.com/site/login'
    'HTTP_ACCEPT_ENCODING' => 'gzip, deflate, sdch'
    'HTTP_ACCEPT_LANGUAGE' => 'zh-CN,zh;q=0.8,en;q=0.6'
    'HTTP_COOKIE' => '_csrf=775c11a41e2e579f1ff74a7dc12f17bebd26fc612b5caa1cec384d28bcf9682ba%3A2%3A%7Bi%3A0%3Bs%3A5%3A%22_csrf%22%3Bi%3A1%3Bs%3A32%3A%22XGKRDapJSn9L2oKI2DzgN-M6LcwaYzKO%22%3B%7D; PHPSESSID=gmm3180hiav2779imh9edvq7e3'
    'PHP_SELF' => '/index.php'
    'REQUEST_TIME_FLOAT' => 1441705499.6106
    'REQUEST_TIME' => 1441705499
]
2015-09-08 09:45:05 [127.0.0.1][-][-][error][yii\web\HttpException:404] exception 'yii\base\InvalidRouteException' with message 'Unable to resolve the request "js/jquery-1.7.2.min.js".' in /Users/liuwanglei/code/hp/vendor/yiisoft/yii2/base/Module.php:461
Stack trace:
#0 /Users/liuwanglei/code/hp/vendor/yiisoft/yii2/web/Application.php(83): yii\base\Module->runAction('js/jquery-1.7.2...', Array)
#1 /Users/liuwanglei/code/hp/vendor/yiisoft/yii2/base/Application.php(375): yii\web\Application->handleRequest(Object(yii\web\Request))
#2 /Users/liuwanglei/code/hp/hhg/web/index.php(18): yii\base\Application->run()
#3 {main}

Next exception 'yii\web\NotFoundHttpException' with message '页面未找到。' in /Users/liuwanglei/code/hp/vendor/yiisoft/yii2/web/Application.php:95
Stack trace:
#0 /Users/liuwanglei/code/hp/vendor/yiisoft/yii2/base/Application.php(375): yii\web\Application->handleRequest(Object(yii\web\Request))
#1 /Users/liuwanglei/code/hp/hhg/web/index.php(18): yii\base\Application->run()
#2 {main}
2015-09-08 09:45:05 [127.0.0.1][-][-][info][application] $_COOKIE = [
    '_csrf' => '775c11a41e2e579f1ff74a7dc12f17bebd26fc612b5caa1cec384d28bcf9682ba:2:{i:0;s:5:\"_csrf\";i:1;s:32:\"XGKRDapJSn9L2oKI2DzgN-M6LcwaYzKO\";}'
    'PHPSESSID' => 'gmm3180hiav2779imh9edvq7e3'
]

$_SESSION = [
    '__flash' => []
    '__returnUrl' => '/'
]

$_SERVER = [
    'USER' => '_www'
    'HOME' => '/Library/WebServer'
    'FCGI_ROLE' => 'RESPONDER'
    'SCRIPT_FILENAME' => '/Users/liuwanglei/code/hp/hhg/web/index.php'
    'QUERY_STRING' => ''
    'REQUEST_METHOD' => 'GET'
    'CONTENT_TYPE' => ''
    'CONTENT_LENGTH' => ''
    'SCRIPT_NAME' => '/index.php'
    'REQUEST_URI' => '/js/jquery-1.7.2.min.js'
    'DOCUMENT_URI' => '/index.php'
    'DOCUMENT_ROOT' => '/Users/liuwanglei/code/hp/hhg/web'
    'SERVER_PROTOCOL' => 'HTTP/1.1'
    'GATEWAY_INTERFACE' => 'CGI/1.1'
    'SERVER_SOFTWARE' => 'nginx/1.8.0'
    'REMOTE_ADDR' => '127.0.0.1'
    'REMOTE_PORT' => '53740'
    'SERVER_ADDR' => '127.0.0.1'
    'SERVER_PORT' => '80'
    'SERVER_NAME' => 'hhg.yltd.com'
    'REDIRECT_STATUS' => '200'
    'HTTP_HOST' => 'hhg.yltd.com'
    'HTTP_CONNECTION' => 'keep-alive'
    'HTTP_ACCEPT' => '*/*'
    'HTTP_USER_AGENT' => 'Mozilla/5.0 (Macintosh; Intel Mac OS X 10_9_4) AppleWebKit/537.36 (KHTML, like Gecko) Chrome/44.0.2403.157 Safari/537.36'
    'HTTP_REFERER' => 'http://hhg.yltd.com/site/login'
    'HTTP_ACCEPT_ENCODING' => 'gzip, deflate, sdch'
    'HTTP_ACCEPT_LANGUAGE' => 'zh-CN,zh;q=0.8,en;q=0.6'
    'HTTP_COOKIE' => '_csrf=775c11a41e2e579f1ff74a7dc12f17bebd26fc612b5caa1cec384d28bcf9682ba%3A2%3A%7Bi%3A0%3Bs%3A5%3A%22_csrf%22%3Bi%3A1%3Bs%3A32%3A%22XGKRDapJSn9L2oKI2DzgN-M6LcwaYzKO%22%3B%7D; PHPSESSID=gmm3180hiav2779imh9edvq7e3'
    'PHP_SELF' => '/index.php'
    'REQUEST_TIME_FLOAT' => 1441705505.8221
    'REQUEST_TIME' => 1441705505
]
